Using pre-set license
Built from '2021.1/staging' branch; Version is '2021.1.3f1 (4bef613afd59) revision 4976481'; Using compiler version '192528614'; Build Type 'Release'
OS: 'Windows 10 Pro; OS build 19042.928; Version 2009; 64bit' Language: 'en' Physical Memory: 16333 MB
BatchMode: 1, IsHumanControllingUs: 0, StartBugReporterOnCrash: 0, Is64bit: 1, IsPro: 0

 COMMAND LINE ARGUMENTS:
D:\Programs\2021.1.3f1\Editor\Unity.exe
-adb2
-batchMode
-noUpm
-name
AssetImportWorker0
-projectPath
C:/Users/Andre/2D Testing
-logFile
Logs/AssetImportWorker0.log
-srvPort
64795
Successfully changed project path to: C:/Users/Andre/2D Testing
C:/Users/Andre/2D Testing
Using Asset Import Pipeline V2.
Refreshing native plugins compatible for Editor in 107.20 ms, found 2 plugins.
Preloading 0 native plugins for Editor in 0.00 ms.
Initialize engine version: 2021.1.3f1 (4bef613afd59)
[Subsystems] Discovering subsystems at path D:/Programs/2021.1.3f1/Editor/Data/Resources/UnitySubsystems
[Subsystems] Discovering subsystems at path C:/Users/Andre/2D Testing/Assets
GfxDevice: creating device client; threaded=0; jobified=0
Direct3D:
    Version:  Direct3D 11.0 [level 11.1]
    Renderer: NVIDIA GeForce RTX 2060 SUPER (ID=0x1f06)
    Vendor:   NVIDIA
    VRAM:     8031 MB
    Driver:   27.21.14.6172
Initialize mono
Mono path[0] = 'D:/Programs/2021.1.3f1/Editor/Data/Managed'
Mono path[1] = 'D:/Programs/2021.1.3f1/Editor/Data/MonoBleedingEdge/lib/mono/unityjit'
Mono config path = 'D:/Programs/2021.1.3f1/Editor/Data/MonoBleedingEdge/etc'
Using monoOptions --debugger-agent=transport=dt_socket,embedding=1,server=y,suspend=n,address=127.0.0.1:56000
Begin MonoManager ReloadAssembly
Registering precompiled unity dll's ...
Register platform support module: D:/Programs/2021.1.3f1/Editor/Data/PlaybackEngines/WindowsStandaloneSupport/UnityEditor.WindowsStandalone.Extensions.dll
Registered in 0.000977 seconds.
Native extension for WindowsStandalone target not found
Refreshing native plugins compatible for Editor in 109.26 ms, found 2 plugins.
Preloading 0 native plugins for Editor in 0.00 ms.
Mono: successfully reloaded assembly
- Completed reload, in  1.122 seconds
Platform modules already initialized, skipping
Registering precompiled user dll's ...
Registered in 0.003837 seconds.
Begin MonoManager ReloadAssembly
Native extension for WindowsStandalone target not found
Refreshing native plugins compatible for Editor in 108.42 ms, found 2 plugins.
Preloading 0 native plugins for Editor in 0.00 ms.
Mono: successfully reloaded assembly
- Completed reload, in  1.145 seconds
Platform modules already initialized, skipping
========================================================================
Worker process is ready to serve import requests
Launched and connected shader compiler UnityShaderCompiler.exe after 0.08 seconds
Refreshing native plugins compatible for Editor in 1.65 ms, found 2 plugins.
Preloading 0 native plugins for Editor in 0.00 ms.
Unloading 3385 Unused Serialized files (Serialized files now loaded: 0)
System memory in use before: 130.2 MB.
System memory in use after: 130.3 MB.

Unloading 29 unused Assets to reduce memory usage. Loaded Objects now: 3839.
Total: 2.796500 ms (FindLiveObjects: 0.425000 ms CreateObjectMapping: 0.089600 ms MarkObjects: 2.146000 ms  DeleteObjects: 0.134700 ms)

========================================================================
Received Import Request.
  path: Assets/Materials/dragonkin-diagonal-up-left-walk.png
  artifactKey: Guid(6afaa9dcd63753743aab301f693c4994) Importer(815301076,1909f56bfc062723c751e8b465ee728b)
Start importing Assets/Materials/dragonkin-diagonal-up-left-walk.png using Guid(6afaa9dcd63753743aab301f693c4994) Importer(815301076,1909f56bfc062723c751e8b465ee728b)  -> (artifact id: '379567e62c1ec1805096fb8155d8defc') in 0.178916 seconds 
========================================================================
Received Import Request.
  Time since last request: 0.000225 seconds.
  path: Assets/Materials/dragonkin-diagonal-up-right-walk.png
  artifactKey: Guid(5f690fc4110410442aae995068aeb2d0) Importer(815301076,1909f56bfc062723c751e8b465ee728b)
Start importing Assets/Materials/dragonkin-diagonal-up-right-walk.png using Guid(5f690fc4110410442aae995068aeb2d0) Importer(815301076,1909f56bfc062723c751e8b465ee728b)  -> (artifact id: '206785ca9a96449923c02c498612f019') in 0.014033 seconds 
========================================================================
Received Import Request.
  Time since last request: 8.426349 seconds.
  path: Assets/Materials/dragonkin-diagonal-up-left-walk.png
  artifactKey: Guid(6afaa9dcd63753743aab301f693c4994) Importer(815301076,1909f56bfc062723c751e8b465ee728b)
Start importing Assets/Materials/dragonkin-diagonal-up-left-walk.png using Guid(6afaa9dcd63753743aab301f693c4994) Importer(815301076,1909f56bfc062723c751e8b465ee728b)  -> (artifact id: 'ee32e7909d8975a9f5c100a5daba7a0d') in 0.011525 seconds 
========================================================================
Received Import Request.
  Time since last request: 8.157620 seconds.
  path: Assets/Materials/dragonkin-diagonal-up-left-walk.png
  artifactKey: Guid(6afaa9dcd63753743aab301f693c4994) Importer(815301076,1909f56bfc062723c751e8b465ee728b)
Start importing Assets/Materials/dragonkin-diagonal-up-left-walk.png using Guid(6afaa9dcd63753743aab301f693c4994) Importer(815301076,1909f56bfc062723c751e8b465ee728b)  -> (artifact id: '5c91654bc53a914c8bfe50b3525b8cd5') in 0.025731 seconds 
========================================================================
Received Import Request.
  Time since last request: 6.479035 seconds.
  path: Assets/Materials/dragonkin-diagonal-up-right-walk.png
  artifactKey: Guid(5f690fc4110410442aae995068aeb2d0) Importer(815301076,1909f56bfc062723c751e8b465ee728b)
Start importing Assets/Materials/dragonkin-diagonal-up-right-walk.png using Guid(5f690fc4110410442aae995068aeb2d0) Importer(815301076,1909f56bfc062723c751e8b465ee728b)  -> (artifact id: '9feffbae8a02bb0b1f859e88264c7a82') in 0.011364 seconds 
========================================================================
Received Import Request.
  Time since last request: 5.052841 seconds.
  path: Assets/Materials/dragonkin-diagonal-up-right-walk.png
  artifactKey: Guid(5f690fc4110410442aae995068aeb2d0) Importer(815301076,1909f56bfc062723c751e8b465ee728b)
Start importing Assets/Materials/dragonkin-diagonal-up-right-walk.png using Guid(5f690fc4110410442aae995068aeb2d0) Importer(815301076,1909f56bfc062723c751e8b465ee728b)  -> (artifact id: '87326a30cedb1f7b73aa87340957fa00') in 0.021560 seconds 
========================================================================
Received Import Request.
  Time since last request: 199.932714 seconds.
  path: Assets/Materials/TopRightWalking.anim
  artifactKey: Guid(0342f19ac485bfe44b751afa6d608080) Importer(815301076,1909f56bfc062723c751e8b465ee728b)
Start importing Assets/Materials/TopRightWalking.anim using Guid(0342f19ac485bfe44b751afa6d608080) Importer(815301076,1909f56bfc062723c751e8b465ee728b)  -> (artifact id: 'db9930b2cbaf427667f4a4e0e84c61bf') in 0.010701 seconds 
========================================================================
Received Import Request.
  Time since last request: 53.067659 seconds.
  path: Assets/Animations/dragonkinSample 1.controller
  artifactKey: Guid(c7c505ab30a05724ea11f53ef79481c1) Importer(815301076,1909f56bfc062723c751e8b465ee728b)
Start importing Assets/Animations/dragonkinSample 1.controller using Guid(c7c505ab30a05724ea11f53ef79481c1) Importer(815301076,1909f56bfc062723c751e8b465ee728b)  -> (artifact id: 'f1b8e264dd0ab89ffd0d68eb8a64d4c5') in 0.014357 seconds 
========================================================================
Received Prepare
Registering precompiled user dll's ...
Registered in 0.003456 seconds.
Begin MonoManager ReloadAssembly
Native extension for WindowsStandalone target not found
Refreshing native plugins compatible for Editor in 0.94 ms, found 2 plugins.
Preloading 0 native plugins for Editor in 0.00 ms.
Mono: successfully reloaded assembly
- Completed reload, in  0.921 seconds
Platform modules already initialized, skipping
Refreshing native plugins compatible for Editor in 0.82 ms, found 2 plugins.
Preloading 0 native plugins for Editor in 0.00 ms.
Unloading 3369 Unused Serialized files (Serialized files now loaded: 0)
System memory in use before: 135.0 MB.
System memory in use after: 135.1 MB.

Unloading 17 unused Assets to reduce memory usage. Loaded Objects now: 3937.
Total: 3.020400 ms (FindLiveObjects: 0.471700 ms CreateObjectMapping: 0.146000 ms MarkObjects: 2.255300 ms  DeleteObjects: 0.146000 ms)

========================================================================
Received Prepare
Registering precompiled user dll's ...
Registered in 0.003534 seconds.
Begin MonoManager ReloadAssembly
Native extension for WindowsStandalone target not found
Refreshing native plugins compatible for Editor in 0.97 ms, found 2 plugins.
Preloading 0 native plugins for Editor in 0.00 ms.
Mono: successfully reloaded assembly
- Completed reload, in  0.968 seconds
Platform modules already initialized, skipping
Refreshing native plugins compatible for Editor in 1.25 ms, found 2 plugins.
Preloading 0 native plugins for Editor in 0.00 ms.
Unloading 3367 Unused Serialized files (Serialized files now loaded: 0)
System memory in use before: 135.0 MB.
System memory in use after: 135.1 MB.

Unloading 17 unused Assets to reduce memory usage. Loaded Objects now: 3941.
Total: 3.008200 ms (FindLiveObjects: 0.452400 ms CreateObjectMapping: 0.281600 ms MarkObjects: 2.132200 ms  DeleteObjects: 0.140600 ms)

========================================================================
Received Prepare
Registering precompiled user dll's ...
Registered in 0.003673 seconds.
Begin MonoManager ReloadAssembly
Native extension for WindowsStandalone target not found
Refreshing native plugins compatible for Editor in 1.30 ms, found 2 plugins.
Preloading 0 native plugins for Editor in 0.00 ms.
Mono: successfully reloaded assembly
- Completed reload, in  0.971 seconds
Platform modules already initialized, skipping
Refreshing native plugins compatible for Editor in 1.08 ms, found 2 plugins.
Preloading 0 native plugins for Editor in 0.00 ms.
Unloading 3367 Unused Serialized files (Serialized files now loaded: 0)
System memory in use before: 135.0 MB.
System memory in use after: 135.1 MB.

Unloading 17 unused Assets to reduce memory usage. Loaded Objects now: 3945.
Total: 3.014900 ms (FindLiveObjects: 0.436100 ms CreateObjectMapping: 0.092800 ms MarkObjects: 2.353500 ms  DeleteObjects: 0.131100 ms)

========================================================================
Received Prepare
Registering precompiled user dll's ...
Registered in 0.004992 seconds.
Begin MonoManager ReloadAssembly
Native extension for WindowsStandalone target not found
Refreshing native plugins compatible for Editor in 0.77 ms, found 2 plugins.
Preloading 0 native plugins for Editor in 0.00 ms.
Mono: successfully reloaded assembly
- Completed reload, in  0.811 seconds
Platform modules already initialized, skipping
Refreshing native plugins compatible for Editor in 0.76 ms, found 2 plugins.
Preloading 0 native plugins for Editor in 0.00 ms.
Unloading 3367 Unused Serialized files (Serialized files now loaded: 0)
System memory in use before: 135.0 MB.
System memory in use after: 135.1 MB.

Unloading 17 unused Assets to reduce memory usage. Loaded Objects now: 3949.
Total: 2.762900 ms (FindLiveObjects: 0.458400 ms CreateObjectMapping: 0.097100 ms MarkObjects: 2.102300 ms  DeleteObjects: 0.103800 ms)

AssetImportWorkerClient::OnTransportError - code=2 error=End of file
